<?xml version="1.0" encoding="UTF-8"?>
<!-- Generated by org.testng.reporters.JUnitReportReporter -->
<testsuite hostname="Anees" failures="0" tests="2" name="tests.RegisterTest" time="21.237" errors="0" timestamp="2023-12-19T19:18:32 IST" skipped="0">
  <testcase classname="tests.RegisterTest" name="registerWithMandatoryFields" time="12.571"/>
  <system-out/>
  <testcase classname="tests.RegisterTest" name="registerWithAllFields" time="8.666"/>
  <system-out/>
</testsuite> <!-- tests.RegisterTest -->
