<?xml version="1.0" encoding="UTF-8"?>
<!-- Generated by org.testng.reporters.JUnitReportReporter -->
<testsuite hostname="Anees" failures="0" tests="3" name="tests.SearchTest" time="16.039" errors="0" timestamp="2023-12-19T19:18:32 IST" skipped="0">
  <testcase classname="tests.SearchTest" name="searchWithValidProductName" time="5.618"/>
  <system-out/>
  <testcase classname="tests.SearchTest" name="searchWithInvalidProductName" time="5.388"/>
  <system-out/>
  <testcase classname="tests.SearchTest" name="searchByNotProvidingAnyProductName" time="5.033"/>
  <system-out/>
</testsuite> <!-- tests.SearchTest -->
